2025-01-22 14:03:53,969 - HF-daily-paper - INFO - 正在获取 2025-01-22 的论文数据
2025-01-22 14:03:56,144 - HF-daily-paper - INFO - 成功下载并保存了 13 篇有效论文的数据
2025-01-22 14:03:56,145 - HF-daily-paper - INFO - 下载结果: {'status': 'success', 'date': '2025-01-22'}
2025-01-22 14:07:23,535 - HF-daily-paper - INFO - 正在获取 2025-01-22 的论文数据
2025-01-22 14:07:25,720 - HF-daily-paper - INFO - API返回原始数据数量: 13
2025-01-22 14:07:25,721 - HF-daily-paper - INFO - 原始数据: 13篇
2025-01-22 14:07:25,721 - HF-daily-paper - INFO - 有效论文: 13篇
2025-01-22 14:07:25,721 - HF-daily-paper - INFO - 跳过论文: 0篇
2025-01-22 14:07:25,724 - HF-daily-paper - INFO - 成功保存 13 篇有效论文数据到文件
2025-01-22 14:07:25,725 - HF-daily-paper - INFO - 下载结果: {'status': 'success', 'date': '2025-01-22'}
2025-01-22 14:08:57,334 - HF-daily-paper - INFO - 正在获取 2025-01-22 的论文数据
2025-01-22 14:08:59,237 - HF-daily-paper - INFO - API返回原始数据数量: 13
2025-01-22 14:08:59,237 - HF-daily-paper - INFO - 原始数据: 13篇
2025-01-22 14:08:59,237 - HF-daily-paper - INFO - 有效论文: 13篇
2025-01-22 14:08:59,237 - HF-daily-paper - INFO - 跳过论文: 0篇
2025-01-22 14:08:59,240 - HF-daily-paper - INFO - 成功保存 13 篇有效论文数据到文件
2025-01-22 14:08:59,241 - HF-daily-paper - INFO - 下载结果: {'status': 'success', 'date': '2025-01-22'}
2025-01-22 07:18:56,575 - HF-daily-paper - INFO - 正在处理 2025-01-22 的论文数据
2025-01-22 07:18:56,575 - HF-daily-paper - INFO - 读取到 13 篇论文数据
2025-01-22 07:18:56,576 - HF-daily-paper - INFO - 正在处理第 1/13 篇论文
2025-01-22 07:18:56,576 - HF-daily-paper - INFO - 正在翻译第 1 篇论文 (尝试 1/3)
2025-01-22 07:19:02,415 - HF-daily-paper - INFO - 第 1 篇论文处理成功
2025-01-22 07:19:05,415 - HF-daily-paper - INFO - 正在处理第 2/13 篇论文
2025-01-22 07:19:05,416 - HF-daily-paper - INFO - 正在翻译第 2 篇论文 (尝试 1/3)
2025-01-22 07:19:13,325 - HF-daily-paper - INFO - 第 2 篇论文处理成功
2025-01-22 07:19:16,325 - HF-daily-paper - INFO - 正在处理第 3/13 篇论文
2025-01-22 07:19:16,325 - HF-daily-paper - INFO - 正在翻译第 3 篇论文 (尝试 1/3)
2025-01-22 07:19:21,396 - HF-daily-paper - INFO - 第 3 篇论文处理成功
2025-01-22 07:19:24,396 - HF-daily-paper - INFO - 正在处理第 4/13 篇论文
2025-01-22 07:19:24,396 - HF-daily-paper - INFO - 正在翻译第 4 篇论文 (尝试 1/3)
2025-01-22 07:19:32,930 - HF-daily-paper - INFO - 第 4 篇论文处理成功
2025-01-22 07:19:35,930 - HF-daily-paper - INFO - 正在处理第 5/13 篇论文
2025-01-22 07:19:35,931 - HF-daily-paper - INFO - 正在翻译第 5 篇论文 (尝试 1/3)
2025-01-22 07:19:43,786 - HF-daily-paper - INFO - 第 5 篇论文处理成功
2025-01-22 07:19:46,786 - HF-daily-paper - INFO - 正在处理第 6/13 篇论文
2025-01-22 07:19:46,786 - HF-daily-paper - INFO - 正在翻译第 6 篇论文 (尝试 1/3)
2025-01-22 07:19:51,466 - HF-daily-paper - INFO - 第 6 篇论文处理成功
2025-01-22 07:19:54,467 - HF-daily-paper - INFO - 正在处理第 7/13 篇论文
2025-01-22 07:19:54,467 - HF-daily-paper - INFO - 正在翻译第 7 篇论文 (尝试 1/3)
2025-01-22 07:20:02,880 - HF-daily-paper - INFO - 第 7 篇论文处理成功
2025-01-22 07:20:05,880 - HF-daily-paper - INFO - 正在处理第 8/13 篇论文
2025-01-22 07:20:05,881 - HF-daily-paper - INFO - 正在翻译第 8 篇论文 (尝试 1/3)
2025-01-22 07:20:10,989 - HF-daily-paper - INFO - 第 8 篇论文处理成功
2025-01-22 07:20:13,989 - HF-daily-paper - INFO - 正在处理第 9/13 篇论文
2025-01-22 07:20:13,989 - HF-daily-paper - INFO - 正在翻译第 9 篇论文 (尝试 1/3)
2025-01-22 07:20:20,750 - HF-daily-paper - INFO - 第 9 篇论文处理成功
2025-01-22 07:20:23,751 - HF-daily-paper - INFO - 正在处理第 10/13 篇论文
2025-01-22 07:20:23,751 - HF-daily-paper - INFO - 正在翻译第 10 篇论文 (尝试 1/3)
2025-01-22 07:20:30,923 - HF-daily-paper - INFO - 第 10 篇论文处理成功
2025-01-22 07:20:33,923 - HF-daily-paper - INFO - 正在处理第 11/13 篇论文
2025-01-22 07:20:33,923 - HF-daily-paper - INFO - 正在翻译第 11 篇论文 (尝试 1/3)
2025-01-22 07:20:42,195 - HF-daily-paper - INFO - 第 11 篇论文处理成功
2025-01-22 07:20:45,196 - HF-daily-paper - INFO - 正在处理第 12/13 篇论文
2025-01-22 07:20:45,196 - HF-daily-paper - INFO - 正在翻译第 12 篇论文 (尝试 1/3)
2025-01-22 07:20:52,053 - HF-daily-paper - INFO - 第 12 篇论文处理成功
2025-01-22 07:20:55,053 - HF-daily-paper - INFO - 正在处理第 13/13 篇论文
2025-01-22 07:20:55,053 - HF-daily-paper - INFO - 正在翻译第 13 篇论文 (尝试 1/3)
2025-01-22 07:21:01,618 - HF-daily-paper - INFO - 第 13 篇论文处理成功
2025-01-22 07:21:04,618 - HF-daily-paper - INFO - 论文处理统计：总数 13，成功 13，失败 0
2025-01-22 07:21:05,976 - HF-daily-paper - INFO - 开始分析论文数据，时间范围：2025-01-15 至 2025-01-22
2025-01-22 07:21:05,983 - HF-daily-paper - INFO - 处理 2025-01-20 的数据：找到 9 篇论文
2025-01-22 07:21:06,534 - HF-daily-paper - INFO - 处理 2025-01-21 的数据：找到 1 篇论文
2025-01-22 07:21:06,536 - HF-daily-paper - INFO - 处理 2025-01-22 的数据：找到 13 篇论文
2025-01-22 07:21:09,336 - HF-daily-paper - INFO - 统计图表生成完成
2025-01-22 07:21:09,350 - HF-daily-paper - INFO - 日报已生成：newsletters/2025-01-22_daily_paper.md
